<?xml version="1.0" encoding="UTF-8"?>
<!-- Generated by org.testng.reporters.JUnitReportReporter -->
<testsuite skipped="0" hostname="ip-172-31-87-222" name="tests.LoginPageTest" tests="1" failures="0" timestamp="2021-12-21T07:22:55 UTC" time="1.302" errors="0">
  <testcase name="LoginTest" time="1.302" classname="tests.LoginPageTest"/>
  <system-out/>
</testsuite> <!-- tests.LoginPageTest -->
