<?xml version="1.0" encoding="UTF-8"?>
<!-- Generated by org.testng.reporters.JUnitReportReporter -->
<testsuite skipped="0" hostname="ip-172-31-87-222" name="tests.SignUpPageTest" tests="1" failures="0" timestamp="2021-12-21T07:22:55 UTC" time="2.008" errors="0">
  <testcase name="signupTest" time="2.008" classname="tests.SignUpPageTest"/>
  <system-out/>
</testsuite> <!-- tests.SignUpPageTest -->
